<?xml version="1.0" encoding="UTF-8"?>
<testng-results ignored="0" total="4" passed="4" failed="0" skipped="0">
  <reporter-output>
  </reporter-output>
  <suite started-at="2023-05-18T15:16:00 CEST" name="Default suite" finished-at="2023-05-18T15:16:01 CEST" duration-ms="909">
    <groups>
      <group name="cucumber">
        <method signature="AbstractTestNGCucumberTests.runScenario(io.cucumber.testng.PickleWrapper,io.cucumber.testng.FeatureWrapper)[pri:0, instance:runner.RunCuke@2a4fb17b]" name="runScenario" class="io.cucumber.testng.AbstractTestNGCucumberTests"/>
      </group> <!-- cucumber -->
    </groups>
    <test started-at="2023-05-18T15:16:00 CEST" name="Default test" finished-at="2023-05-18T15:16:01 CEST" duration-ms="909">
      <class name="runner.RunCuke">
        <test-method is-config="true" signature="setUpClass(org.testng.ITestContext)[pri:0, instance:runner.RunCuke@2a4fb17b]" started-at="2023-05-18T15:16:00 CEST" name="setUpClass" finished-at="2023-05-18T15:16:01 CEST" duration-ms="521" status="PASS">
          <params>
            <param index="0">
              <value>
                <![CDATA[org.testng.TestRunner@7e00ed0f]]>
              </value>
            </param>
          </params>
          <reporter-output>
          </reporter-output>
        </test-method> <!-- setUpClass -->
        <test-method signature="runScenario(io.cucumber.testng.PickleWrapper,io.cucumber.testng.FeatureWrapper)[pri:0, instance:runner.RunCuke@2a4fb17b]" started-at="2023-05-18T15:16:01 CEST" name="runScenario" description="Runs Cucumber Scenarios" data-provider="scenarios" finished-at="2023-05-18T15:16:01 CEST" duration-ms="109" status="PASS">
          <params>
            <param index="0">
              <value>
                <![CDATA["Login to the Facebook Website as a user on Production"]]>
              </value>
            </param>
            <param index="1">
              <value>
                <![CDATA["Login Feature - Production"]]>
              </value>
            </param>
          </params>
          <reporter-output>
          </reporter-output>
        </test-method> <!-- runScenario -->
        <test-method signature="runScenario(io.cucumber.testng.PickleWrapper,io.cucumber.testng.FeatureWrapper)[pri:0, instance:runner.RunCuke@2a4fb17b]" started-at="2023-05-18T15:16:01 CEST" name="runScenario" description="Runs Cucumber Scenarios" data-provider="scenarios" finished-at="2023-05-18T15:16:01 CEST" duration-ms="9" status="PASS">
          <params>
            <param index="0">
              <value>
                <![CDATA["Login to the Facebook Website as a user on Production"]]>
              </value>
            </param>
            <param index="1">
              <value>
                <![CDATA["Login Feature - Production"]]>
              </value>
            </param>
          </params>
          <reporter-output>
          </reporter-output>
        </test-method> <!-- runScenario -->
        <test-method signature="runScenario(io.cucumber.testng.PickleWrapper,io.cucumber.testng.FeatureWrapper)[pri:0, instance:runner.RunCuke@2a4fb17b]" started-at="2023-05-18T15:16:01 CEST" name="runScenario" description="Runs Cucumber Scenarios" data-provider="scenarios" finished-at="2023-05-18T15:16:01 CEST" duration-ms="10" status="PASS">
          <params>
            <param index="0">
              <value>
                <![CDATA["Login to the Facebook Website as a user on Production"]]>
              </value>
            </param>
            <param index="1">
              <value>
                <![CDATA["Login Feature - Production"]]>
              </value>
            </param>
          </params>
          <reporter-output>
          </reporter-output>
        </test-method> <!-- runScenario -->
        <test-method signature="runScenario(io.cucumber.testng.PickleWrapper,io.cucumber.testng.FeatureWrapper)[pri:0, instance:runner.RunCuke@2a4fb17b]" started-at="2023-05-18T15:16:01 CEST" name="runScenario" description="Runs Cucumber Scenarios" data-provider="scenarios" finished-at="2023-05-18T15:16:01 CEST" duration-ms="6" status="PASS">
          <params>
            <param index="0">
              <value>
                <![CDATA["Login to the Facebook Website as a user on Production"]]>
              </value>
            </param>
            <param index="1">
              <value>
                <![CDATA["Login Feature - Production"]]>
              </value>
            </param>
          </params>
          <reporter-output>
          </reporter-output>
        </test-method> <!-- runScenario -->
        <test-method is-config="true" signature="tearDownClass()[pri:0, instance:runner.RunCuke@2a4fb17b]" started-at="2023-05-18T15:16:01 CEST" name="tearDownClass" finished-at="2023-05-18T15:16:01 CEST" duration-ms="220" status="PASS">
          <reporter-output>
          </reporter-output>
        </test-method> <!-- tearDownClass -->
      </class> <!-- runner.RunCuke -->
    </test> <!-- Default test -->
  </suite> <!-- Default suite -->
</testng-results>
